2023-03-16 10:15:06.653 10424-10424 PATCH                   com.moran.hotfixdemo                 D  Begin to init patch file at /data/user/0/com.moran.hotfixdemo/files/apatch/fixbug.apatch
2023-03-16 10:15:06.653 10424-10424 PATCH                   com.moran.hotfixdemo                 D  Begin to load entry named after META-INF/PATCH.MF
2023-03-16 10:15:06.686 10424-10424 PATCH                   com.moran.hotfixdemo                 D  ClassMap is {hotfix-demo-fixed=[com.moran.hotfixdemo.util.Utils_CF]}
2023-03-16 10:15:06.687 10424-10424 PatchManager            com.moran.hotfixdemo                 D  Begin to call test_dex_cookie
2023-03-16 10:15:06.688 10424-10424 Moran                   com.moran.hotfixdemo                 D  byteBuffer is direct:false
2023-03-16 10:15:06.688 10424-10424 Moran                   com.moran.hotfixdemo                 D  File content length:2887
2023-03-16 10:15:06.688 10424-10424 Moran                   com.moran.hotfixdemo                 D  [Native]: Begin to load memory from 0 to 2887
2023-03-16 10:15:06.688 10424-10424 Moran                   com.moran.hotfixdemo                 D  Dex file length is 2887
2023-03-16 10:15:06.688 10424-10424 Moran                   com.moran.hotfixdemo                 D  Begin to allocate memory
2023-03-16 10:15:06.688 10424-10424 Moran                   com.moran.hotfixdemo                 D  Memory allocate at 0x7ae0327000
2023-03-16 10:15:06.688 10424-10424 Moran                   com.moran.hotfixdemo                 D  Begin to copy dex file content from buffer
2023-03-16 10:15:06.688 10424-10424 Moran                   com.moran.hotfixdemo                 D  Copy complete
2023-03-16 10:15:06.688 10424-10424 Moran                   com.moran.hotfixdemo                 D  Calling OpenDexInMemory to load dex content in memory
2023-03-16 10:15:06.688 10424-10424 Moran                   com.moran.hotfixdemo                 D  [OpenDexInMemory]: begin to load dex from memory
2023-03-16 10:15:06.688 10424-10424 Moran                   com.moran.hotfixdemo                 D  Before calling dex file constructor
2023-03-16 10:15:06.688 10424-10424 Moran                   com.moran.hotfixdemo                 D  Moran is creating dex file
2023-03-16 10:15:06.688 10424-10424 Moran                   com.moran.hotfixdemo                 D  begin_ is 0x7ae0327000
2023-03-16 10:15:06.688 10424-10424 Moran                   com.moran.hotfixdemo                 D  size_ is 2887
2023-03-16 10:15:06.688 10424-10424 Moran                   com.moran.hotfixdemo                 D  location is Morangeous-DexFile@%p-%p527747411968527747414855
2023-03-16 10:15:06.688 10424-10424 Moran                   com.moran.hotfixdemo                 D  header_ is 0x7ae0327000
2023-03-16 10:15:06.688 10424-10424 Moran                   com.moran.hotfixdemo                 D  string_ids_ is 0x7ae03273e8
2023-03-16 10:15:06.688 10424-10424 Moran                   com.moran.hotfixdemo                 D  type_ids_ is 0x7bafc6ed00
2023-03-16 10:15:06.688 10424-10424 Moran                   com.moran.hotfixdemo                 D  field_ids_ is 0x7b3669ef4d
2023-03-16 10:15:06.688 10424-10424 Moran                   com.moran.hotfixdemo                 D  method_ids_ is 0x7afdb18b21
2023-03-16 10:15:06.688 10424-10424 Moran                   com.moran.hotfixdemo                 D  proto_ids_ is 0x7b4f2057c7
2023-03-16 10:15:06.688 10424-10424 Moran                   com.moran.hotfixdemo                 D  class_defs_ is 0x7bb8db4d10
2023-03-16 10:15:06.688 10424-10424 Moran                   com.moran.hotfixdemo                 D  Sizeof dexfile is 160
2023-03-16 10:15:06.688 10424-10424 Moran                   com.moran.hotfixdemo                 D  begin_: 8
2023-03-16 10:15:06.688 10424-10424 Moran                   com.moran.hotfixdemo                 D  size_: 16
2023-03-16 10:15:06.688 10424-10424 Moran                   com.moran.hotfixdemo                 D  location_: 24
2023-03-16 10:15:06.688 10424-10424 Moran                   com.moran.hotfixdemo                 D  location_checksum_: 48
2023-03-16 10:15:06.688 10424-10424 Moran                   com.moran.hotfixdemo                 D  mem_map_: 56
2023-03-16 10:15:06.688 10424-10424 Moran                   com.moran.hotfixdemo                 D  header_: 64
2023-03-16 10:15:06.688 10424-10424 Moran                   com.moran.hotfixdemo                 D  string_ids_: 72
2023-03-16 10:15:06.688 10424-10424 Moran                   com.moran.hotfixdemo                 D  type_ids_: 80
2023-03-16 10:15:06.688 10424-10424 Moran                   com.moran.hotfixdemo                 D  field_ids_: 88
2023-03-16 10:15:06.688 10424-10424 Moran                   com.moran.hotfixdemo                 D  method_ids_: 96
2023-03-16 10:15:06.688 10424-10424 Moran                   com.moran.hotfixdemo                 D  proto_ids_: 104
2023-03-16 10:15:06.689 10424-10424 Moran                   com.moran.hotfixdemo                 D  class_defs_: 112
2023-03-16 10:15:06.689 10424-10424 Moran                   com.moran.hotfixdemo                 D  method_handles_: 120
2023-03-16 10:15:06.689 10424-10424 Moran                   com.moran.hotfixdemo                 D  num_method_handles_: 128
2023-03-16 10:15:06.689 10424-10424 Moran                   com.moran.hotfixdemo                 D  call_site_ids_: 136
2023-03-16 10:15:06.689 10424-10424 Moran                   com.moran.hotfixdemo                 D  num_call_site_ids_: 144
2023-03-16 10:15:06.689 10424-10424 Moran                   com.moran.hotfixdemo                 D  oat_dex_file_: 152
2023-03-16 10:15:06.689 10424-10424 Moran                   com.moran.hotfixdemo                 D  Get dex file object
2023-03-16 10:15:06.689 10424-10424 Moran                   com.moran.hotfixdemo                 D  Create dex successfully
2023-03-16 10:15:06.689 10424-10424 Moran                   com.moran.hotfixdemo                 D  DexFile type is N3art7DexFileE
2023-03-16 10:15:06.689 10424-10424 Moran                   com.moran.hotfixdemo                 D  Get DexFile pointer, now begin to convert it into java array
2023-03-16 10:15:06.689 10424-10424 Moran                   com.moran.hotfixdemo                 D  New long array now, vec length is 1
2023-03-16 10:15:06.689 10424-10424 Moran                   com.moran.hotfixdemo                 D  Begin to get long array data
2023-03-16 10:15:06.689 10424-10424 Moran                   com.moran.hotfixdemo                 D  parse long data, vec size is 1
2023-03-16 10:15:06.689 10424-10424 Moran                   com.moran.hotfixdemo                 D  Release long array data
2023-03-16 10:15:06.689 10424-10424 Moran                   com.moran.hotfixdemo                 D  release all unique ptrs
2023-03-16 10:15:06.689 10424-10424 Moran                   com.moran.hotfixdemo                 D  release finished
2023-03-16 10:15:06.689 10424-10424 Moran                   com.moran.hotfixdemo                 D  ConvertDexFilesToJavaArray Finished, returning
2023-03-16 10:15:06.689 10424-10424 Moran                   com.moran.hotfixdemo                 D  Created Single Dex File, return from create dex with array
2023-03-16 10:15:06.689 10424-10424 Moran                   com.moran.hotfixdemo                 D  Created dex file, return from memoryLoadDexFile
2023-03-16 10:15:06.689 10424-10424 AndFixManager           com.moran.hotfixdemo                 D  Get mCookie from native, begin to parse
2023-03-16 10:15:06.689 10424-10424 AndFixManager           com.moran.hotfixdemo                 D  Get DexFile successfully
2023-03-16 10:15:06.689 10424-10424 AndFixManager           com.moran.hotfixdemo                 D  Get getClassNameList method successfully
2023-03-16 10:15:06.689 10424-10424 AndFixManager           com.moran.hotfixdemo                 D  before revoke calling getClassNameList
2023-03-16 10:15:06.689 10424-10424 zygote64                com.moran.hotfixdemo                 I  [Moran]: <ConvertJavaArrayToDexFiles> Enter, plan to recast
2023-03-16 10:15:06.689 10424-10424 zygote64                com.moran.hotfixdemo                 I  [Moran]: <ConvertJavaArrayToDexFiles> Recast over, plan to GetArrayLenth
2023-03-16 10:15:06.689 10424-10424 zygote64                com.moran.hotfixdemo                 I  [Moran]: <ConvertJavaArrayToDexFiles> array size got, plan to get long_data
2023-03-16 10:15:06.689 10424-10424 zygote64                com.moran.hotfixdemo                 I  [Moran]: <ConvertJavaArrayToDexFiles> Array content get, plan to recast to oat_file
2023-03-16 10:15:06.689 10424-10424 zygote64                com.moran.hotfixdemo                 I  [Moran]: <ConvertJavaArrayToDexFiles> oat file recast finished
2023-03-16 10:15:06.689 10424-10424 zygote64                com.moran.hotfixdemo                 I  [Moran]: <ConvertJavaArrayToDexFiles> push dexfile over, plan to release pointer
2023-03-16 10:15:06.689 10424-10424 zygote64                com.moran.hotfixdemo                 I  [Moran]: <getClassNameList> definition get
2023-03-16 10:15:06.689 10424-10424 zygote64                com.moran.hotfixdemo                 I  hello moran
2023-03-16 10:15:06.689 10424-10424 zygote64                com.moran.hotfixdemo                 I  [Moran]: <getClassNameList> test end
2023-03-16 10:15:06.690 10424-10424 libc                    com.moran.hotfixdemo                 A  Fatal signal 11 (SIGSEGV), code 1, fault addr 0x7bb8db4d10 in tid 10424 (oran.hotfixdemo)
2023-03-16 10:15:06.726 10523-10523 crash_dump64            pid-10523                            I  obtaining output fd from tombstoned
2023-03-16 10:15:06.727   720-720   /system/bin/tombstoned  pid-720                              I  received crash request for pid 10424
2023-03-16 10:15:06.727 10523-10523 crash_dump64            pid-10523                            I  performing dump of process 10424 (target tid = 10424)
2023-03-16 10:15:06.728 10523-10523 DEBUG                   pid-10523                            A  *** *** *** *** *** *** *** *** *** *** *** *** *** *** *** ***
2023-03-16 10:15:06.728 10523-10523 DEBUG                   pid-10523                            A  Build fingerprint: 'Android/aosp_marlin/marlin:8.0.0/OPR6.170623.012/morang02230019:userdebug/test-keys'
2023-03-16 10:15:06.728 10523-10523 DEBUG                   pid-10523                            A  Revision: '0'
2023-03-16 10:15:06.728 10523-10523 DEBUG                   pid-10523                            A  ABI: 'arm64'
2023-03-16 10:15:06.728 10523-10523 DEBUG                   pid-10523                            A  pid: 10424, tid: 10424, name: oran.hotfixdemo  >>> com.moran.hotfixdemo <<<
2023-03-16 10:15:06.728 10523-10523 DEBUG                   pid-10523                            A  signal 11 (SIGSEGV), code 1 (SEGV_MAPERR), fault addr 0x7bb8db4d10
2023-03-16 10:15:06.728 10523-10523 DEBUG                   pid-10523                            A      x0   0000007ac3d14000  x1   0000007add92d5f6  x2   0000000000000010  x3   0000000000000016
2023-03-16 10:15:06.728 10523-10523 DEBUG                   pid-10523                            A      x4   0000007add92d606  x5   0000007ac3c3fbe7  x6   786469203e747369  x7   3a5f7865646e692e
2023-03-16 10:15:06.728 10523-10523 DEBUG                   pid-10523                            A      x8   5ecafe0158251ba6  x9   5ecafe0158251ba6  x10  0000007ac3c3fbd7  x11  0000000000000010
2023-03-16 10:15:06.728 10523-10523 DEBUG                   pid-10523                            A      x12  437465673c203a5d  x13  656d614e7373616c  x14  ffffffffffffffff  x15  00291d5dbff98f0b
2023-03-16 10:15:06.728 10523-10523 DEBUG                   pid-10523                            A      x16  0000007add9c2620  x17  0000007adf1453f0  x18  0000007fd5fc72ac  x19  0000000000000000
2023-03-16 10:15:06.728 10523-10523 DEBUG                   pid-10523                            A      x20  0000007fd5fc78c1  x21  0000007ae229aa58  x22  000000000000006e  x23  0000000000006172
2023-03-16 10:15:06.728 10523-10523 DEBUG                   pid-10523                            A      x24  0000007add92d5ae  x25  000000000000ffff  x26  0000000000000000  x27  0000007ad10f72c8
2023-03-16 10:15:06.728 10523-10523 DEBUG                   pid-10523                            A      x28  0000007bb8db4d10  x29  0000007fd5fc7970  x30  0000007add7794f8
2023-03-16 10:15:06.728 10523-10523 DEBUG                   pid-10523                            A      sp   0000007fd5fc7860  pc   0000007add7794f8  pstate 0000000060000000
2023-03-16 10:15:06.852 10523-10523 DEBUG                   pid-10523                            A  backtrace:
2023-03-16 10:15:06.853 10523-10523 DEBUG                   pid-10523                            A      #00 pc 00000000003994f8  /system/lib64/libart.so (_ZN3artL24DexFile_getClassNameListEP7_JNIEnvP7_jclassP8_jobject+404)
2023-03-16 10:15:06.853 10523-10523 DEBUG                   pid-10523                            A      #01 pc 00000000002d8f2c  /system/framework/arm64/boot-core-libart.oat (offset 0xd6000) (dalvik.system.DexFile.getClassNameList [DEDUPED]+172)
2023-03-16 10:15:06.853 10523-10523 DEBUG                   pid-10523                            A      #02 pc 0000000000508c38  /system/lib64/libart.so (art_quick_invoke_static_stub+600)
2023-03-16 10:15:06.853 10523-10523 DEBUG                   pid-10523                            A      #03 pc 00000000000d824c  /system/lib64/libart.so (_ZN3art9ArtMethod6InvokeEPNS_6ThreadEPjjPNS_6JValueEPKc+260)
2023-03-16 10:15:06.853 10523-10523 DEBUG                   pid-10523                            A      #04 pc 00000000004317a4  /system/lib64/libart.so (_ZN3artL18InvokeWithArgArrayERKNS_33ScopedObjectAccessAlreadyRunnableEPNS_9ArtMethodEPNS_8ArgArrayEPNS_6JValueEPKc+104)
2023-03-16 10:15:06.853 10523-10523 DEBUG                   pid-10523                            A      #05 pc 00000000004332fc  /system/lib64/libart.so (_ZN3art12InvokeMethodERKNS_33ScopedObjectAccessAlreadyRunnableEP8_jobjectS4_S4_m+1460)
2023-03-16 10:15:06.853 10523-10523 DEBUG                   pid-10523                            A      #06 pc 00000000003bd1b0  /system/lib64/libart.so (_ZN3artL13Method_invokeEP7_JNIEnvP8_jobjectS3_S3_+52)
2023-03-16 10:15:06.853 10523-10523 DEBUG                   pid-10523                            A      #07 pc 0000000000266f74  /system/framework/arm64/boot.oat (offset 0x1db000) (java.lang.Class.getDeclaredMethodInternal [DEDUPED]+180)
2023-03-16 10:15:06.853 10523-10523 DEBUG                   pid-10523                            A      #08 pc 0000000000508984  /system/lib64/libart.so (art_quick_invoke_stub+580)
2023-03-16 10:15:06.853 10523-10523 DEBUG                   pid-10523                            A      #09 pc 00000000000d8210  /system/lib64/libart.so (_ZN3art9ArtMethod6InvokeEPNS_6ThreadEPjjPNS_6JValueEPKc+200)
2023-03-16 10:15:06.853 10523-10523 DEBUG                   pid-10523                            A      #10 pc 00000000002826a4  /system/lib64/libart.so (_ZN3art11interpreter34ArtInterpreterToCompiledCodeBridgeEPNS_6ThreadEPNS_9ArtMethodEPKNS_7DexFile8CodeItemEPNS_11ShadowFrameEPNS_6JValueE+352)
2023-03-16 10:15:06.853 10523-10523 DEBUG                   pid-10523                            A      #11 pc 000000000027cd6c  /system/lib64/libart.so (_ZN3art11interpreter6DoCallILb0ELb0EEEbPNS_9ArtMethodEPNS_6ThreadERNS_11ShadowFrameEPKNS_11InstructionEtPNS_6JValueE+672)
2023-03-16 10:15:06.853 10523-10523 DEBUG                   pid-10523                            A      #12 pc 00000000004f00dc  /system/lib64/libart.so (MterpInvokeVirtual+612)
2023-03-16 10:15:06.853 10523-10523 DEBUG                   pid-10523                            A      #13 pc 00000000004fa314  /system/lib64/libart.so (ExecuteMterpImpl+14228)
2023-03-16 10:15:06.853 10523-10523 DEBUG                   pid-10523                            A      #14 pc 000000000025dae8  /system/lib64/libart.so (_ZN3art11interpreterL7ExecuteEPNS_6ThreadEPKNS_7DexFile8CodeItemERNS_11ShadowFrameENS_6JValueEb+444)
2023-03-16 10:15:06.853 10523-10523 DEBUG                   pid-10523                            A      #15 pc 00000000002641e8  /system/lib64/libart.so (_ZN3art11interpreter33ArtInterpreterToInterpreterBridgeEPNS_6ThreadEPKNS_7DexFile8CodeItemEPNS_11ShadowFrameEPNS_6JValueE+212)
2023-03-16 10:15:06.853 10523-10523 DEBUG                   pid-10523                            A      #16 pc 000000000027cd4c  /system/lib64/libart.so (_ZN3art11interpreter6DoCallILb0ELb0EEEbPNS_9ArtMethodEPNS_6ThreadERNS_11ShadowFrameEPKNS_11InstructionEtPNS_6JValueE+640)
2023-03-16 10:15:06.853 10523-10523 DEBUG                   pid-10523                            A      #17 pc 00000000004f00dc  /system/lib64/libart.so (MterpInvokeVirtual+612)
2023-03-16 10:15:06.853 10523-10523 DEBUG                   pid-10523                            A      #18 pc 00000000004fa314  /system/lib64/libart.so (ExecuteMterpImpl+14228)
2023-03-16 10:15:06.853 10523-10523 DEBUG                   pid-10523                            A      #19 pc 000000000025dae8  /system/lib64/libart.so (_ZN3art11interpreterL7ExecuteEPNS_6ThreadEPKNS_7DexFile8CodeItemERNS_11ShadowFrameENS_6JValueEb+444)
2023-03-16 10:15:06.853 10523-10523 DEBUG                   pid-10523                            A      #20 pc 00000000002641e8  /system/lib64/libart.so (_ZN3art11interpreter33ArtInterpreterToInterpreterBridgeEPNS_6ThreadEPKNS_7DexFile8CodeItemEPNS_11ShadowFrameEPNS_6JValueE+212)
2023-03-16 10:15:06.853 10523-10523 DEBUG                   pid-10523                            A      #21 pc 000000000027cd4c  /system/lib64/libart.so (_ZN3art11interpreter6DoCallILb0ELb0EEEbPNS_9ArtMethodEPNS_6ThreadERNS_11ShadowFrameEPKNS_11InstructionEtPNS_6JValueE+640)
2023-03-16 10:15:06.853 10523-10523 DEBUG                   pid-10523                            A      #22 pc 00000000004f1448  /system/lib64/libart.so (MterpInvokeDirect+504)
2023-03-16 10:15:06.853 10523-10523 DEBUG                   pid-10523                            A      #23 pc 00000000004fa414  /system/lib64/libart.so (ExecuteMterpImpl+14484)
2023-03-16 10:15:06.853 10523-10523 DEBUG                   pid-10523                            A      #24 pc 000000000025dae8  /system/lib64/libart.so (_ZN3art11interpreterL7ExecuteEPNS_6ThreadEPKNS_7DexFile8CodeItemERNS_11ShadowFrameENS_6JValueEb+444)
2023-03-16 10:15:06.853 10523-10523 DEBUG                   pid-10523                            A      #25 pc 00000000002641e8  /system/lib64/libart.so (_ZN3art11interpreter33ArtInterpreterToInterpreterBridgeEPNS_6ThreadEPKNS_7DexFile8CodeItemEPNS_11ShadowFrameEPNS_6JValueE+212)
2023-03-16 10:15:06.853 10523-10523 DEBUG                   pid-10523                            A      #26 pc 000000000027cd4c  /system/lib64/libart.so (_ZN3art11interpreter6DoCallILb0ELb0EEEbPNS_9ArtMethodEPNS_6ThreadERNS_11ShadowFrameEPKNS_11InstructionEtPNS_6JValueE+640)
2023-03-16 10:15:06.853 10523-10523 DEBUG                   pid-10523                            A      #27 pc 00000000004f00dc  /system/lib64/libart.so (MterpInvokeVirtual+612)
2023-03-16 10:15:06.853 10523-10523 DEBUG                   pid-10523                            A      #28 pc 00000000004fa314  /system/lib64/libart.so (ExecuteMterpImpl+14228)
2023-03-16 10:15:06.853 10523-10523 DEBUG                   pid-10523                            A      #29 pc 000000000025dae8  /system/lib64/libart.so (_ZN3art11interpreterL7ExecuteEPNS_6ThreadEPKNS_7DexFile8CodeItemERNS_11ShadowFrameENS_6JValueEb+444)
2023-03-16 10:15:06.853 10523-10523 DEBUG                   pid-10523                            A      #30 pc 00000000002641e8  /system/lib64/libart.so (_ZN3art11interpreter33ArtInterpreterToInterpreterBridgeEPNS_6ThreadEPKNS_7DexFile8CodeItemEPNS_11ShadowFrameEPNS_6JValueE+212)
2023-03-16 10:15:06.853 10523-10523 DEBUG                   pid-10523                            A      #31 pc 000000000027cd4c  /system/lib64/libart.so (_ZN3art11interpreter6DoCallILb0ELb0EEEbPNS_9ArtMethodEPNS_6ThreadERNS_11ShadowFrameEPKNS_11InstructionEtPNS_6JValueE+640)
2023-03-16 10:15:06.854 10523-10523 DEBUG                   pid-10523                            A      #32 pc 00000000004f00dc  /system/lib64/libart.so (MterpInvokeVirtual+612)
2023-03-16 10:15:06.854 10523-10523 DEBUG                   pid-10523                            A      #33 pc 00000000004fa314  /system/lib64/libart.so (ExecuteMterpImpl+14228)
2023-03-16 10:15:06.854 10523-10523 DEBUG                   pid-10523                            A      #34 pc 000000000025dae8  /system/lib64/libart.so (_ZN3art11interpreterL7ExecuteEPNS_6ThreadEPKNS_7DexFile8CodeItemERNS_11ShadowFrameENS_6JValueEb+444)
2023-03-16 10:15:06.854 10523-10523 DEBUG                   pid-10523                            A      #35 pc 00000000004e405c  /system/lib64/libart.so (artQuickToInterpreterBridge+1468)
2023-03-16 10:15:06.854 10523-10523 DEBUG                   pid-10523                            A      #36 pc 0000000000511e1c  /system/lib64/libart.so (art_quick_to_interpreter_bridge+92)
2023-03-16 10:15:06.854 10523-10523 DEBUG                   pid-10523                            A      #37 pc 0000000000508984  /system/lib64/libart.so (art_quick_invoke_stub+580)
2023-03-16 10:15:06.854 10523-10523 DEBUG                   pid-10523                            A      #38 pc 00000000000d8210  /system/lib64/libart.so (_ZN3art9ArtMethod6InvokeEPNS_6ThreadEPjjPNS_6JValueEPKc+200)
2023-03-16 10:15:06.854 10523-10523 DEBUG                   pid-10523                            A      #39 pc 00000000004317a4  /system/lib64/libart.so (_ZN3artL18InvokeWithArgArrayERKNS_33ScopedObjectAccessAlreadyRunnableEPNS_9ArtMethodEPNS_8ArgArrayEPNS_6JValueEPKc+104)
2023-03-16 10:15:06.854 10523-10523 DEBUG                   pid-10523                            A      #40 pc 00000000004332fc  /system/lib64/libart.so (_ZN3art12InvokeMethodERKNS_33ScopedObjectAccessAlreadyRunnableEP8_jobjectS4_S4_m+1460)
2023-03-16 10:15:06.854 10523-10523 DEBUG                   pid-10523                            A      #41 pc 00000000003bd1b0  /system/lib64/libart.so (_ZN3artL13Method_invokeEP7_JNIEnvP8_jobjectS3_S3_+52)
2023-03-16 10:15:06.854 10523-10523 DEBUG                   pid-10523                            A      #42 pc 0000000000266f74  /system/framework/arm64/boot.oat (offset 0x1db000) (java.lang.Class.getDeclaredMethodInternal [DEDUPED]+180)
2023-03-16 10:15:06.854 10523-10523 DEBUG                   pid-10523                            A      #43 pc 0000000000508984  /system/lib64/libart.so (art_quick_invoke_stub+580)
2023-03-16 10:15:06.854 10523-10523 DEBUG                   pid-10523                            A      #44 pc 00000000000d8210  /system/lib64/libart.so (_ZN3art9ArtMethod6InvokeEPNS_6ThreadEPjjPNS_6JValueEPKc+200)
2023-03-16 10:15:06.854 10523-10523 DEBUG                   pid-10523                            A      #45 pc 00000000002826a4  /system/lib64/libart.so (_ZN3art11interpreter34ArtInterpreterToCompiledCodeBridgeEPNS_6ThreadEPNS_9ArtMethodEPKNS_7DexFile8CodeItemEPNS_11ShadowFrameEPNS_6JValueE+352)
2023-03-16 10:15:06.854 10523-10523 DEBUG                   pid-10523                            A      #46 pc 000000000027cd6c  /system/lib64/libart.so (_ZN3art11interpreter6DoCallILb0ELb0EEEbPNS_9ArtMethodEPNS_6ThreadERNS_11ShadowFrameEPKNS_11InstructionEtPNS_6JValueE+672)
2023-03-16 10:15:06.854 10523-10523 DEBUG                   pid-10523                            A      #47 pc 00000000004f00dc  /system/lib64/libart.so (MterpInvokeVirtual+612)
2023-03-16 10:15:06.854 10523-10523 DEBUG                   pid-10523                            A      #48 pc 00000000004fa314  /system/lib64/libart.so (ExecuteMterpImpl+14228)
2023-03-16 10:15:06.854 10523-10523 DEBUG                   pid-10523                            A      #49 pc 000000000025dae8  /system/lib64/libart.so (_ZN3art11interpreterL7ExecuteEPNS_6ThreadEPKNS_7DexFile8CodeItemERNS_11ShadowFrameENS_6JValueEb+444)
2023-03-16 10:15:06.854 10523-10523 DEBUG                   pid-10523                            A      #50 pc 00000000002641e8  /system/lib64/libart.so (_ZN3art11interpreter33ArtInterpreterToInterpreterBridgeEPNS_6ThreadEPKNS_7DexFile8CodeItemEPNS_11ShadowFrameEPNS_6JValueE+212)
2023-03-16 10:15:06.854 10523-10523 DEBUG                   pid-10523                            A      #51 pc 000000000027cd4c  /system/lib64/libart.so (_ZN3art11interpreter6DoCallILb0ELb0EEEbPNS_9ArtMethodEPNS_6ThreadERNS_11ShadowFrameEPKNS_11InstructionEtPNS_6JValueE+640)
2023-03-16 10:15:06.854 10523-10523 DEBUG                   pid-10523                            A      #52 pc 00000000004f1128  /system/lib64/libart.so (MterpInvokeInterface+1732)
2023-03-16 10:15:06.854 10523-10523 DEBUG                   pid-10523                            A      #53 pc 00000000004fa514  /system/lib64/libart.so (ExecuteMterpImpl+14740)
2023-03-16 10:15:06.854 10523-10523 DEBUG                   pid-10523                            A      #54 pc 000000000025dae8  /system/lib64/libart.so (_ZN3art11interpreterL7ExecuteEPNS_6ThreadEPKNS_7DexFile8CodeItemERNS_11ShadowFrameENS_6JValueEb+444)
2023-03-16 10:15:06.854 10523-10523 DEBUG                   pid-10523                            A      #55 pc 00000000002641e8  /system/lib64/libart.so (_ZN3art11interpreter33ArtInterpreterToInterpreterBridgeEPNS_6ThreadEPKNS_7DexFile8CodeItemEPNS_11ShadowFrameEPNS_6JValueE+212)
2023-03-16 10:15:06.854 10523-10523 DEBUG                   pid-10523                            A      #56 pc 000000000027cd4c  /system/lib64/libart.so (_ZN3art11interpreter6DoCallILb0ELb0EEEbPNS_9ArtMethodEPNS_6ThreadERNS_11ShadowFrameEPKNS_11InstructionEtPNS_6JValueE+640)
2023-03-16 10:15:06.854 10523-10523 DEBUG                   pid-10523                            A      #57 pc 00000000004f0760  /system/lib64/libart.so (MterpInvokeSuper+1440)
2023-03-16 10:15:06.854 10523-10523 DEBUG                   pid-10523                            A      #58 pc 00000000004fa394  /system/lib64/libart.so (ExecuteMterpImpl+14356)
2023-03-16 10:15:06.854 10523-10523 DEBUG                   pid-10523                            A      #59 pc 000000000025dae8  /system/lib64/libart.so (_ZN3art11interpreterL7ExecuteEPNS_6ThreadEPKNS_7DexFile8CodeItemERNS_11ShadowFrameENS_6JValueEb+444)
2023-03-16 10:15:06.854 10523-10523 DEBUG                   pid-10523                            A      #60 pc 00000000002641e8  /system/lib64/libart.so (_ZN3art11interpreter33ArtInterpreterToInterpreterBridgeEPNS_6ThreadEPKNS_7DexFile8CodeItemEPNS_11ShadowFrameEPNS_6JValueE+212)
2023-03-16 10:15:06.854 10523-10523 DEBUG                   pid-10523                            A      #61 pc 000000000027cd4c  /system/lib64/libart.so (_ZN3art11interpreter6DoCallILb0ELb0EEEbPNS_9ArtMethodEPNS_6ThreadERNS_11ShadowFrameEPKNS_11InstructionEtPNS_6JValueE+640)
2023-03-16 10:15:06.854 10523-10523 DEBUG                   pid-10523                            A      #62 pc 00000000004f00dc  /system/lib64/libart.so (MterpInvokeVirtual+612)
2023-03-16 10:15:06.854 10523-10523 DEBUG                   pid-10523                            A      #63 pc 00000000004fa314  /system/lib64/libart.so (ExecuteMterpImpl+14228)
2023-03-16 10:15:07.385   720-720   /system/bin/tombstoned  pid-720                              E  Tombstone written to: /data/tombstones//tombstone_03
2023-03-16 10:15:07.389   919-10528 ActivityManager         system_process                       W    Force finishing activity com.moran.hotfixdemo/.MainActivity
2023-03-16 10:15:07.389   919-959   BootReceiver            system_process                       I  Copying /data/tombstones/tombstone_03 to DropBox (SYSTEM_TOMBSTONE)
2023-03-16 10:15:07.402   919-10529 zygote64                system_process                       I  IncrementDisableThreadFlip blocked for 10.382ms
2023-03-16 10:15:07.413   919-948   ActivityManager         system_process                       I  Showing crash dialog for package com.moran.hotfixdemo u0
2023-03-16 10:15:07.412   617-617   Zygote                  pid-617                              I  Process 10424 exited due to signal (11)
2023-03-16 10:15:07.413   919-948   ActivityManager         system_process                       I  Showing crash dialog for package com.moran.hotfixdemo u0